<?xml version="1.0" encoding="UTF-8"?>
<!-- Generated by org.testng.reporters.JUnitReportReporter -->
<testsuite hostname="Kondas-MacBook-Pro.local" name="Test.RegistrationDetails" tests="2" failures="0" timestamp="12 Oct 2016 05:50:26 GMT" time="0.000" errors="0">
  <testcase name="registerData" time="0.000" classname="Test.RegistrationDetails"/>
  <testcase name="registerData" time="0.000" classname="Test.RegistrationDetails"/>
</testsuite> <!-- Test.RegistrationDetails -->
