<?xml version="1.0" encoding="UTF-8"?>
<!-- Generated by org.testng.reporters.JUnitReportReporter -->
<testsuite hostname="Kondas-MacBook-Pro.local" name="SampleTest" tests="2" failures="0" timestamp="26 Sep 2016 02:54:46 GMT" time="0.019" errors="0">
  <testcase name="testreceiveemail" time="0.012" classname="SampleTest"/>
  <testcase name="testsendemail" time="0.007" classname="SampleTest"/>
</testsuite> <!-- SampleTest -->
