<?xml version="1.0" encoding="UTF-8"?>
<!-- Generated by org.testng.reporters.JUnitReportReporter -->
<testsuite hostname="Kondas-MBP" name="Test.Registration" tests="2" failures="0" timestamp="26 Sep 2016 06:05:52 GMT" time="0.023" errors="0">
  <testcase name="registerData" time="0.020" classname="Test.Registration"/>
  <testcase name="registerData" time="0.003" classname="Test.Registration"/>
</testsuite> <!-- Test.Registration -->
