<?xml version="1.0" encoding="UTF-8"?>
<!-- Generated by org.testng.reporters.JUnitReportReporter -->
<testsuite hostname="Kondas-MacBook-Pro.local" name="Test.YahoomailTest" tests="2" failures="0" timestamp="12 Oct 2016 05:50:16 GMT" time="0.000" errors="0">
  <testcase name="testreceiveemail" time="0.000" classname="Test.YahoomailTest"/>
  <testcase name="testsendemail" time="0.000" classname="Test.YahoomailTest"/>
</testsuite> <!-- Test.YahoomailTest -->
